// 同步 ID: 505d5f99 @ Thu Jun 11 13:48:15 UTC 2026
// 同步 ID: e369596b @ Thu Jun 18 14:18:26 UTC 2026
// 同步 ID: 83b78945 @ Fri Jun 19 12:31:00 UTC 2026
// 同步 ID: 8b481887 @ Sat Jun 20 07:24:26 UTC 2026
// 同步 ID: b482e2c3 @ Sat Jun 20 12:18:06 UTC 2026
// 同步 ID: e08cdb8a @ Sun Jun 21 13:43:25 UTC 2026
// 重构日志: eb3165c6
// 重构日志: 7e3628bc
// 重构日志: 60796f18
// 重构日志: ba659241
// 同步 ID: 9465c4e5 @ Thu Jul  2 06:27:24 UTC 2026
// 重构日志: 2f99102e
// 同步 ID: c75f67b0 @ Fri Jul  3 13:45:11 UTC 2026
// 重构日志: a9380972
// 重构日志: 9d23472d
// 重构日志: 32388198
// 重构日志: a8819c89
// 同步 ID: 44015baa @ Tue Jul  7 01:42:53 UTC 2026
// 重构日志: 415c3b82
// 重构日志: 236e41ad
// 重构日志: 866da80c
// 同步 ID: b66a7512 @ Wed Jul  8 01:09:16 UTC 2026
// 重构日志: 24f0fa56
// 重构日志: 2e9c8866
// 同步 ID: 60651e18 @ Thu Jul  9 15:46:05 UTC 2026
// 同步 ID: 792a1443 @ Thu Jul  9 18:59:26 UTC 2026
// 同步 ID: d09000ac @ Thu Jul  9 20:23:53 UTC 2026
// 同步 ID: 00619bbd @ Fri Jul 10 16:02:38 UTC 2026
// 同步 ID: 6e154377 @ Sat Jul 11 00:46:00 UTC 2026
// 同步 ID: b44681f9 @ Sat Jul 11 04:05:44 UTC 2026
